[3.366s] Invoking command in '/home/ubuntu/turtlebot3_ws/build/turtlebot3_teleop': PYTHONPATH=/home/ubuntu/turtlebot3_ws/install/turtlebot3_teleop/lib/python3.8/site-packages:${PYTHONPATH} /usr/bin/python3 setup.py develop --prefix /home/ubuntu/turtlebot3_ws/install/turtlebot3_teleop --editable --build-directory /home/ubuntu/turtlebot3_ws/build/turtlebot3_teleop/build --no-deps install_data --install-dir /home/ubuntu/turtlebot3_ws/install/turtlebot3_teleop
[6.648s] running develop
[7.828s] running egg_info
[7.830s] creating turtlebot3_teleop.egg-info
[7.831s] writing turtlebot3_teleop.egg-info/PKG-INFO
[7.832s] writing dependency_links to turtlebot3_teleop.egg-info/dependency_links.txt
[7.833s] writing entry points to turtlebot3_teleop.egg-info/entry_points.txt
[7.835s] writing requirements to turtlebot3_teleop.egg-info/requires.txt
[7.835s] writing top-level names to turtlebot3_teleop.egg-info/top_level.txt
[7.844s] writing manifest file 'turtlebot3_teleop.egg-info/SOURCES.txt'
[8.351s] reading manifest file 'turtlebot3_teleop.egg-info/SOURCES.txt'
[8.362s] writing manifest file 'turtlebot3_teleop.egg-info/SOURCES.txt'
[8.381s] running build_ext
[8.385s] Creating /home/ubuntu/turtlebot3_ws/install/turtlebot3_teleop/lib/python3.8/site-packages/site.py
[8.416s] Creating /home/ubuntu/turtlebot3_ws/install/turtlebot3_teleop/lib/python3.8/site-packages/turtlebot3-teleop.egg-link (link to .)
[8.427s] Installing teleop_keyboard script to /home/ubuntu/turtlebot3_ws/install/turtlebot3_teleop/lib/turtlebot3_teleop
[8.431s] 
[8.434s] Installed /home/ubuntu/turtlebot3_ws/build/turtlebot3_teleop
[8.436s] running install_data
[8.438s] creating /home/ubuntu/turtlebot3_ws/install/turtlebot3_teleop/share/ament_index
[8.440s] creating /home/ubuntu/turtlebot3_ws/install/turtlebot3_teleop/share/ament_index/resource_index
[8.442s] creating /home/ubuntu/turtlebot3_ws/install/turtlebot3_teleop/share/ament_index/resource_index/packages
[8.443s] copying resource/turtlebot3_teleop -> /home/ubuntu/turtlebot3_ws/install/turtlebot3_teleop/share/ament_index/resource_index/packages
[8.444s] copying package.xml -> /home/ubuntu/turtlebot3_ws/install/turtlebot3_teleop/share/turtlebot3_teleop
[8.794s] Invoked command in '/home/ubuntu/turtlebot3_ws/build/turtlebot3_teleop' returned '0': PYTHONPATH=/home/ubuntu/turtlebot3_ws/install/turtlebot3_teleop/lib/python3.8/site-packages:${PYTHONPATH} /usr/bin/python3 setup.py develop --prefix /home/ubuntu/turtlebot3_ws/install/turtlebot3_teleop --editable --build-directory /home/ubuntu/turtlebot3_ws/build/turtlebot3_teleop/build --no-deps install_data --install-dir /home/ubuntu/turtlebot3_ws/install/turtlebot3_teleop
