[0.319s] Invoking command in '/home/ubuntu/turtlebot3_ws/build/turtlebot3': AMENT_PREFIX_PATH=/home/ubuntu/turtlebot3_ws/install/turtlebot3_teleop:/home/ubuntu/turtlebot3_ws/install/turtlebot3_example:/home/ubuntu/turtlebot3_ws/install/turtlebot3:/home/ubuntu/turtlebot3_ws/install/turtlebot3_bringup:/home/ubuntu/turtlebot3_ws/install/turtlebot3_node:/home/ubuntu/turtlebot3_ws/install/turtlebot3_description:/opt/ros/foxy CMAKE_PREFIX_PATH=/home/ubuntu/turtlebot3_ws/install/turtlebot3_bringup:/home/ubuntu/turtlebot3_ws/install/turtlebot3_node:/home/ubuntu/turtlebot3_ws/install/turtlebot3_description:/home/ubuntu/turtlebot3_ws/install/turtlebot3:/home/ubuntu/turtlebot3_ws/install/turtlebot3_teleop:/home/ubuntu/turtlebot3_ws/install/turtlebot3_example:/opt/ros/foxy /usr/bin/cmake /home/ubuntu/turtlebot3_ws/src/turtlebot3/turtlebot3 -DCMAKE_INSTALL_PREFIX=/home/ubuntu/turtlebot3_ws/install/turtlebot3
[0.591s] -- Found ament_cmake: 0.9.8 (/opt/ros/foxy/share/ament_cmake/cmake)
[1.024s] -- Using PYTHON_EXECUTABLE: /usr/bin/python3
[4.085s] -- Override CMake install command with custom implementation using symlinks instead of copying resources
[5.421s] -- Configuring done
[5.874s] -- Generating done
[5.891s] -- Build files have been written to: /home/ubuntu/turtlebot3_ws/build/turtlebot3
[5.915s] Invoked command in '/home/ubuntu/turtlebot3_ws/build/turtlebot3' returned '0': AMENT_PREFIX_PATH=/home/ubuntu/turtlebot3_ws/install/turtlebot3_teleop:/home/ubuntu/turtlebot3_ws/install/turtlebot3_example:/home/ubuntu/turtlebot3_ws/install/turtlebot3:/home/ubuntu/turtlebot3_ws/install/turtlebot3_bringup:/home/ubuntu/turtlebot3_ws/install/turtlebot3_node:/home/ubuntu/turtlebot3_ws/install/turtlebot3_description:/opt/ros/foxy CMAKE_PREFIX_PATH=/home/ubuntu/turtlebot3_ws/install/turtlebot3_bringup:/home/ubuntu/turtlebot3_ws/install/turtlebot3_node:/home/ubuntu/turtlebot3_ws/install/turtlebot3_description:/home/ubuntu/turtlebot3_ws/install/turtlebot3:/home/ubuntu/turtlebot3_ws/install/turtlebot3_teleop:/home/ubuntu/turtlebot3_ws/install/turtlebot3_example:/opt/ros/foxy /usr/bin/cmake /home/ubuntu/turtlebot3_ws/src/turtlebot3/turtlebot3 -DCMAKE_INSTALL_PREFIX=/home/ubuntu/turtlebot3_ws/install/turtlebot3
[5.935s] Invoking command in '/home/ubuntu/turtlebot3_ws/build/turtlebot3': AMENT_PREFIX_PATH=/home/ubuntu/turtlebot3_ws/install/turtlebot3_teleop:/home/ubuntu/turtlebot3_ws/install/turtlebot3_example:/home/ubuntu/turtlebot3_ws/install/turtlebot3:/home/ubuntu/turtlebot3_ws/install/turtlebot3_bringup:/home/ubuntu/turtlebot3_ws/install/turtlebot3_node:/home/ubuntu/turtlebot3_ws/install/turtlebot3_description:/opt/ros/foxy CMAKE_PREFIX_PATH=/home/ubuntu/turtlebot3_ws/install/turtlebot3_bringup:/home/ubuntu/turtlebot3_ws/install/turtlebot3_node:/home/ubuntu/turtlebot3_ws/install/turtlebot3_description:/home/ubuntu/turtlebot3_ws/install/turtlebot3:/home/ubuntu/turtlebot3_ws/install/turtlebot3_teleop:/home/ubuntu/turtlebot3_ws/install/turtlebot3_example:/opt/ros/foxy /usr/bin/cmake --build /home/ubuntu/turtlebot3_ws/build/turtlebot3 -- -j4 -l4
[6.481s] Invoked command in '/home/ubuntu/turtlebot3_ws/build/turtlebot3' returned '0': AMENT_PREFIX_PATH=/home/ubuntu/turtlebot3_ws/install/turtlebot3_teleop:/home/ubuntu/turtlebot3_ws/install/turtlebot3_example:/home/ubuntu/turtlebot3_ws/install/turtlebot3:/home/ubuntu/turtlebot3_ws/install/turtlebot3_bringup:/home/ubuntu/turtlebot3_ws/install/turtlebot3_node:/home/ubuntu/turtlebot3_ws/install/turtlebot3_description:/opt/ros/foxy CMAKE_PREFIX_PATH=/home/ubuntu/turtlebot3_ws/install/turtlebot3_bringup:/home/ubuntu/turtlebot3_ws/install/turtlebot3_node:/home/ubuntu/turtlebot3_ws/install/turtlebot3_description:/home/ubuntu/turtlebot3_ws/install/turtlebot3:/home/ubuntu/turtlebot3_ws/install/turtlebot3_teleop:/home/ubuntu/turtlebot3_ws/install/turtlebot3_example:/opt/ros/foxy /usr/bin/cmake --build /home/ubuntu/turtlebot3_ws/build/turtlebot3 -- -j4 -l4
[6.802s] Invoking command in '/home/ubuntu/turtlebot3_ws/build/turtlebot3': AMENT_PREFIX_PATH=/home/ubuntu/turtlebot3_ws/install/turtlebot3_teleop:/home/ubuntu/turtlebot3_ws/install/turtlebot3_example:/home/ubuntu/turtlebot3_ws/install/turtlebot3:/home/ubuntu/turtlebot3_ws/install/turtlebot3_bringup:/home/ubuntu/turtlebot3_ws/install/turtlebot3_node:/home/ubuntu/turtlebot3_ws/install/turtlebot3_description:/opt/ros/foxy CMAKE_PREFIX_PATH=/home/ubuntu/turtlebot3_ws/install/turtlebot3_bringup:/home/ubuntu/turtlebot3_ws/install/turtlebot3_node:/home/ubuntu/turtlebot3_ws/install/turtlebot3_description:/home/ubuntu/turtlebot3_ws/install/turtlebot3:/home/ubuntu/turtlebot3_ws/install/turtlebot3_teleop:/home/ubuntu/turtlebot3_ws/install/turtlebot3_example:/opt/ros/foxy /usr/bin/cmake --install /home/ubuntu/turtlebot3_ws/build/turtlebot3
[6.925s] -- Install configuration: ""
[6.931s] -- Execute custom install script
[6.989s] -- Up-to-date symlink: /home/ubuntu/turtlebot3_ws/install/turtlebot3/share/ament_index/resource_index/package_run_dependencies/turtlebot3
[7.033s] -- Up-to-date symlink: /home/ubuntu/turtlebot3_ws/install/turtlebot3/share/ament_index/resource_index/parent_prefix_path/turtlebot3
[7.063s] -- Up-to-date symlink: /home/ubuntu/turtlebot3_ws/install/turtlebot3/share/turtlebot3/environment/ament_prefix_path.sh
[7.075s] -- Up-to-date symlink: /home/ubuntu/turtlebot3_ws/install/turtlebot3/share/turtlebot3/environment/ament_prefix_path.dsv
[7.089s] -- Up-to-date symlink: /home/ubuntu/turtlebot3_ws/install/turtlebot3/share/turtlebot3/environment/path.sh
[7.101s] -- Up-to-date symlink: /home/ubuntu/turtlebot3_ws/install/turtlebot3/share/turtlebot3/environment/path.dsv
[7.114s] -- Up-to-date symlink: /home/ubuntu/turtlebot3_ws/install/turtlebot3/share/turtlebot3/local_setup.bash
[7.125s] -- Up-to-date symlink: /home/ubuntu/turtlebot3_ws/install/turtlebot3/share/turtlebot3/local_setup.sh
[7.137s] -- Up-to-date symlink: /home/ubuntu/turtlebot3_ws/install/turtlebot3/share/turtlebot3/local_setup.zsh
[7.150s] -- Up-to-date symlink: /home/ubuntu/turtlebot3_ws/install/turtlebot3/share/turtlebot3/local_setup.dsv
[7.154s] -- Symlinking: /home/ubuntu/turtlebot3_ws/install/turtlebot3/share/turtlebot3/package.dsv
[7.293s] -- Up-to-date symlink: /home/ubuntu/turtlebot3_ws/install/turtlebot3/share/ament_index/resource_index/packages/turtlebot3
[7.318s] -- Up-to-date symlink: /home/ubuntu/turtlebot3_ws/install/turtlebot3/share/turtlebot3/cmake/turtlebot3Config.cmake
[7.335s] -- Up-to-date symlink: /home/ubuntu/turtlebot3_ws/install/turtlebot3/share/turtlebot3/cmake/turtlebot3Config-version.cmake
[7.347s] -- Up-to-date symlink: /home/ubuntu/turtlebot3_ws/install/turtlebot3/share/turtlebot3/package.xml
[7.377s] Invoked command in '/home/ubuntu/turtlebot3_ws/build/turtlebot3' returned '0': AMENT_PREFIX_PATH=/home/ubuntu/turtlebot3_ws/install/turtlebot3_teleop:/home/ubuntu/turtlebot3_ws/install/turtlebot3_example:/home/ubuntu/turtlebot3_ws/install/turtlebot3:/home/ubuntu/turtlebot3_ws/install/turtlebot3_bringup:/home/ubuntu/turtlebot3_ws/install/turtlebot3_node:/home/ubuntu/turtlebot3_ws/install/turtlebot3_description:/opt/ros/foxy CMAKE_PREFIX_PATH=/home/ubuntu/turtlebot3_ws/install/turtlebot3_bringup:/home/ubuntu/turtlebot3_ws/install/turtlebot3_node:/home/ubuntu/turtlebot3_ws/install/turtlebot3_description:/home/ubuntu/turtlebot3_ws/install/turtlebot3:/home/ubuntu/turtlebot3_ws/install/turtlebot3_teleop:/home/ubuntu/turtlebot3_ws/install/turtlebot3_example:/opt/ros/foxy /usr/bin/cmake --install /home/ubuntu/turtlebot3_ws/build/turtlebot3
