[2.733s] Invoking command in '/home/ubuntu/turtlebot3_ws/build/turtlebot3_example': PYTHONPATH=/home/ubuntu/turtlebot3_ws/install/turtlebot3_example/lib/python3.8/site-packages:${PYTHONPATH} /usr/bin/python3 setup.py develop --prefix /home/ubuntu/turtlebot3_ws/install/turtlebot3_example --uninstall --editable --build-directory /home/ubuntu/turtlebot3_ws/build/turtlebot3_example/build
[5.403s] running develop
[6.801s] Removing /home/ubuntu/turtlebot3_ws/install/turtlebot3_example/lib/python3.8/site-packages/turtlebot3-example.egg-link (link to .)
[6.995s] Invoked command in '/home/ubuntu/turtlebot3_ws/build/turtlebot3_example' returned '0': PYTHONPATH=/home/ubuntu/turtlebot3_ws/install/turtlebot3_example/lib/python3.8/site-packages:${PYTHONPATH} /usr/bin/python3 setup.py develop --prefix /home/ubuntu/turtlebot3_ws/install/turtlebot3_example --uninstall --editable --build-directory /home/ubuntu/turtlebot3_ws/build/turtlebot3_example/build
[7.001s] Invoking command in '/home/ubuntu/turtlebot3_ws/src/turtlebot3/turtlebot3_example': PYTHONPATH=/home/ubuntu/turtlebot3_ws/install/turtlebot3_example/lib/python3.8/site-packages:${PYTHONPATH} /usr/bin/python3 setup.py egg_info --egg-base ../../../build/turtlebot3_example build --build-base /home/ubuntu/turtlebot3_ws/build/turtlebot3_example/build install --prefix /home/ubuntu/turtlebot3_ws/install/turtlebot3_example --record /home/ubuntu/turtlebot3_ws/build/turtlebot3_example/install.log --single-version-externally-managed
[8.999s] running egg_info
[9.003s] writing ../../../build/turtlebot3_example/turtlebot3_example.egg-info/PKG-INFO
[9.004s] writing dependency_links to ../../../build/turtlebot3_example/turtlebot3_example.egg-info/dependency_links.txt
[9.006s] writing entry points to ../../../build/turtlebot3_example/turtlebot3_example.egg-info/entry_points.txt
[9.007s] writing requirements to ../../../build/turtlebot3_example/turtlebot3_example.egg-info/requires.txt
[9.008s] writing top-level names to ../../../build/turtlebot3_example/turtlebot3_example.egg-info/top_level.txt
[10.649s] reading manifest file '../../../build/turtlebot3_example/turtlebot3_example.egg-info/SOURCES.txt'
[10.664s] writing manifest file '../../../build/turtlebot3_example/turtlebot3_example.egg-info/SOURCES.txt'
[10.666s] running build
[10.667s] running build_py
[10.668s] creating /home/ubuntu/turtlebot3_ws/build/turtlebot3_example/build
[10.669s] creating /home/ubuntu/turtlebot3_ws/build/turtlebot3_example/build/lib
[10.670s] creating /home/ubuntu/turtlebot3_ws/build/turtlebot3_example/build/lib/turtlebot3_example
[10.671s] copying turtlebot3_example/__init__.py -> /home/ubuntu/turtlebot3_ws/build/turtlebot3_example/build/lib/turtlebot3_example
[10.672s] creating /home/ubuntu/turtlebot3_ws/build/turtlebot3_example/build/lib/turtlebot3_example/turtlebot3_patrol_server
[10.673s] copying turtlebot3_example/turtlebot3_patrol_server/__init__.py -> /home/ubuntu/turtlebot3_ws/build/turtlebot3_example/build/lib/turtlebot3_example/turtlebot3_patrol_server
[10.673s] copying turtlebot3_example/turtlebot3_patrol_server/main.py -> /home/ubuntu/turtlebot3_ws/build/turtlebot3_example/build/lib/turtlebot3_example/turtlebot3_patrol_server
[10.730s] copying turtlebot3_example/turtlebot3_patrol_server/turtlebot3_patrol_server.py -> /home/ubuntu/turtlebot3_ws/build/turtlebot3_example/build/lib/turtlebot3_example/turtlebot3_patrol_server
[10.766s] copying turtlebot3_example/turtlebot3_patrol_server/turtlebot3_path.py -> /home/ubuntu/turtlebot3_ws/build/turtlebot3_example/build/lib/turtlebot3_example/turtlebot3_patrol_server
[10.817s] creating /home/ubuntu/turtlebot3_ws/build/turtlebot3_example/build/lib/turtlebot3_example/turtlebot3_position_control
[10.818s] copying turtlebot3_example/turtlebot3_position_control/__init__.py -> /home/ubuntu/turtlebot3_ws/build/turtlebot3_example/build/lib/turtlebot3_example/turtlebot3_position_control
[10.820s] copying turtlebot3_example/turtlebot3_position_control/turtlebot3_position_control.py -> /home/ubuntu/turtlebot3_ws/build/turtlebot3_example/build/lib/turtlebot3_example/turtlebot3_position_control
[10.873s] copying turtlebot3_example/turtlebot3_position_control/main.py -> /home/ubuntu/turtlebot3_ws/build/turtlebot3_example/build/lib/turtlebot3_example/turtlebot3_position_control
[10.923s] copying turtlebot3_example/turtlebot3_position_control/turtlebot3_path.py -> /home/ubuntu/turtlebot3_ws/build/turtlebot3_example/build/lib/turtlebot3_example/turtlebot3_position_control
[10.983s] creating /home/ubuntu/turtlebot3_ws/build/turtlebot3_example/build/lib/turtlebot3_example/turtlebot3_obstacle_detection
[10.985s] copying turtlebot3_example/turtlebot3_obstacle_detection/__init__.py -> /home/ubuntu/turtlebot3_ws/build/turtlebot3_example/build/lib/turtlebot3_example/turtlebot3_obstacle_detection
[10.986s] copying turtlebot3_example/turtlebot3_obstacle_detection/turtlebot3_obstacle_detection.py -> /home/ubuntu/turtlebot3_ws/build/turtlebot3_example/build/lib/turtlebot3_example/turtlebot3_obstacle_detection
[11.008s] copying turtlebot3_example/turtlebot3_obstacle_detection/main.py -> /home/ubuntu/turtlebot3_ws/build/turtlebot3_example/build/lib/turtlebot3_example/turtlebot3_obstacle_detection
[11.018s] creating /home/ubuntu/turtlebot3_ws/build/turtlebot3_example/build/lib/turtlebot3_example/turtlebot3_patrol_client
[11.020s] copying turtlebot3_example/turtlebot3_patrol_client/__init__.py -> /home/ubuntu/turtlebot3_ws/build/turtlebot3_example/build/lib/turtlebot3_example/turtlebot3_patrol_client
[11.021s] copying turtlebot3_example/turtlebot3_patrol_client/main.py -> /home/ubuntu/turtlebot3_ws/build/turtlebot3_example/build/lib/turtlebot3_example/turtlebot3_patrol_client
[11.044s] copying turtlebot3_example/turtlebot3_patrol_client/turtlebot3_patrol_client.py -> /home/ubuntu/turtlebot3_ws/build/turtlebot3_example/build/lib/turtlebot3_example/turtlebot3_patrol_client
[11.093s] running install
[11.101s] running install_lib
[11.107s] creating /home/ubuntu/turtlebot3_ws/install/turtlebot3_example/lib/python3.8/site-packages/turtlebot3_example
[11.108s] copying /home/ubuntu/turtlebot3_ws/build/turtlebot3_example/build/lib/turtlebot3_example/__init__.py -> /home/ubuntu/turtlebot3_ws/install/turtlebot3_example/lib/python3.8/site-packages/turtlebot3_example
[11.109s] creating /home/ubuntu/turtlebot3_ws/install/turtlebot3_example/lib/python3.8/site-packages/turtlebot3_example/turtlebot3_patrol_server
[11.110s] copying /home/ubuntu/turtlebot3_ws/build/turtlebot3_example/build/lib/turtlebot3_example/turtlebot3_patrol_server/__init__.py -> /home/ubuntu/turtlebot3_ws/install/turtlebot3_example/lib/python3.8/site-packages/turtlebot3_example/turtlebot3_patrol_server
[11.112s] copying /home/ubuntu/turtlebot3_ws/build/turtlebot3_example/build/lib/turtlebot3_example/turtlebot3_patrol_server/main.py -> /home/ubuntu/turtlebot3_ws/install/turtlebot3_example/lib/python3.8/site-packages/turtlebot3_example/turtlebot3_patrol_server
[11.113s] copying /home/ubuntu/turtlebot3_ws/build/turtlebot3_example/build/lib/turtlebot3_example/turtlebot3_patrol_server/turtlebot3_patrol_server.py -> /home/ubuntu/turtlebot3_ws/install/turtlebot3_example/lib/python3.8/site-packages/turtlebot3_example/turtlebot3_patrol_server
[11.114s] copying /home/ubuntu/turtlebot3_ws/build/turtlebot3_example/build/lib/turtlebot3_example/turtlebot3_patrol_server/turtlebot3_path.py -> /home/ubuntu/turtlebot3_ws/install/turtlebot3_example/lib/python3.8/site-packages/turtlebot3_example/turtlebot3_patrol_server
[11.116s] creating /home/ubuntu/turtlebot3_ws/install/turtlebot3_example/lib/python3.8/site-packages/turtlebot3_example/turtlebot3_position_control
[11.117s] copying /home/ubuntu/turtlebot3_ws/build/turtlebot3_example/build/lib/turtlebot3_example/turtlebot3_position_control/__init__.py -> /home/ubuntu/turtlebot3_ws/install/turtlebot3_example/lib/python3.8/site-packages/turtlebot3_example/turtlebot3_position_control
[11.118s] copying /home/ubuntu/turtlebot3_ws/build/turtlebot3_example/build/lib/turtlebot3_example/turtlebot3_position_control/turtlebot3_position_control.py -> /home/ubuntu/turtlebot3_ws/install/turtlebot3_example/lib/python3.8/site-packages/turtlebot3_example/turtlebot3_position_control
[11.120s] copying /home/ubuntu/turtlebot3_ws/build/turtlebot3_example/build/lib/turtlebot3_example/turtlebot3_position_control/main.py -> /home/ubuntu/turtlebot3_ws/install/turtlebot3_example/lib/python3.8/site-packages/turtlebot3_example/turtlebot3_position_control
[11.121s] copying /home/ubuntu/turtlebot3_ws/build/turtlebot3_example/build/lib/turtlebot3_example/turtlebot3_position_control/turtlebot3_path.py -> /home/ubuntu/turtlebot3_ws/install/turtlebot3_example/lib/python3.8/site-packages/turtlebot3_example/turtlebot3_position_control
[11.125s] creating /home/ubuntu/turtlebot3_ws/install/turtlebot3_example/lib/python3.8/site-packages/turtlebot3_example/turtlebot3_obstacle_detection
[11.126s] copying /home/ubuntu/turtlebot3_ws/build/turtlebot3_example/build/lib/turtlebot3_example/turtlebot3_obstacle_detection/__init__.py -> /home/ubuntu/turtlebot3_ws/install/turtlebot3_example/lib/python3.8/site-packages/turtlebot3_example/turtlebot3_obstacle_detection
[11.127s] copying /home/ubuntu/turtlebot3_ws/build/turtlebot3_example/build/lib/turtlebot3_example/turtlebot3_obstacle_detection/turtlebot3_obstacle_detection.py -> /home/ubuntu/turtlebot3_ws/install/turtlebot3_example/lib/python3.8/site-packages/turtlebot3_example/turtlebot3_obstacle_detection
[11.128s] copying /home/ubuntu/turtlebot3_ws/build/turtlebot3_example/build/lib/turtlebot3_example/turtlebot3_obstacle_detection/main.py -> /home/ubuntu/turtlebot3_ws/install/turtlebot3_example/lib/python3.8/site-packages/turtlebot3_example/turtlebot3_obstacle_detection
[11.129s] creating /home/ubuntu/turtlebot3_ws/install/turtlebot3_example/lib/python3.8/site-packages/turtlebot3_example/turtlebot3_patrol_client
[11.131s] copying /home/ubuntu/turtlebot3_ws/build/turtlebot3_example/build/lib/turtlebot3_example/turtlebot3_patrol_client/__init__.py -> /home/ubuntu/turtlebot3_ws/install/turtlebot3_example/lib/python3.8/site-packages/turtlebot3_example/turtlebot3_patrol_client
[11.132s] copying /home/ubuntu/turtlebot3_ws/build/turtlebot3_example/build/lib/turtlebot3_example/turtlebot3_patrol_client/main.py -> /home/ubuntu/turtlebot3_ws/install/turtlebot3_example/lib/python3.8/site-packages/turtlebot3_example/turtlebot3_patrol_client
[11.133s] copying /home/ubuntu/turtlebot3_ws/build/turtlebot3_example/build/lib/turtlebot3_example/turtlebot3_patrol_client/turtlebot3_patrol_client.py -> /home/ubuntu/turtlebot3_ws/install/turtlebot3_example/lib/python3.8/site-packages/turtlebot3_example/turtlebot3_patrol_client
[11.137s] byte-compiling /home/ubuntu/turtlebot3_ws/install/turtlebot3_example/lib/python3.8/site-packages/turtlebot3_example/__init__.py to __init__.cpython-38.pyc
[11.146s] byte-compiling /home/ubuntu/turtlebot3_ws/install/turtlebot3_example/lib/python3.8/site-packages/turtlebot3_example/turtlebot3_patrol_server/__init__.py to __init__.cpython-38.pyc
[11.148s] byte-compiling /home/ubuntu/turtlebot3_ws/install/turtlebot3_example/lib/python3.8/site-packages/turtlebot3_example/turtlebot3_patrol_server/main.py to main.cpython-38.pyc
[11.151s] byte-compiling /home/ubuntu/turtlebot3_ws/install/turtlebot3_example/lib/python3.8/site-packages/turtlebot3_example/turtlebot3_patrol_server/turtlebot3_patrol_server.py to turtlebot3_patrol_server.cpython-38.pyc
[11.156s] byte-compiling /home/ubuntu/turtlebot3_ws/install/turtlebot3_example/lib/python3.8/site-packages/turtlebot3_example/turtlebot3_patrol_server/turtlebot3_path.py to turtlebot3_path.cpython-38.pyc
[11.158s] byte-compiling /home/ubuntu/turtlebot3_ws/install/turtlebot3_example/lib/python3.8/site-packages/turtlebot3_example/turtlebot3_position_control/__init__.py to __init__.cpython-38.pyc
[11.160s] byte-compiling /home/ubuntu/turtlebot3_ws/install/turtlebot3_example/lib/python3.8/site-packages/turtlebot3_example/turtlebot3_position_control/turtlebot3_position_control.py to turtlebot3_position_control.cpython-38.pyc
[11.167s] byte-compiling /home/ubuntu/turtlebot3_ws/install/turtlebot3_example/lib/python3.8/site-packages/turtlebot3_example/turtlebot3_position_control/main.py to main.cpython-38.pyc
[11.169s] byte-compiling /home/ubuntu/turtlebot3_ws/install/turtlebot3_example/lib/python3.8/site-packages/turtlebot3_example/turtlebot3_position_control/turtlebot3_path.py to turtlebot3_path.cpython-38.pyc
[11.172s] byte-compiling /home/ubuntu/turtlebot3_ws/install/turtlebot3_example/lib/python3.8/site-packages/turtlebot3_example/turtlebot3_obstacle_detection/__init__.py to __init__.cpython-38.pyc
[11.174s] byte-compiling /home/ubuntu/turtlebot3_ws/install/turtlebot3_example/lib/python3.8/site-packages/turtlebot3_example/turtlebot3_obstacle_detection/turtlebot3_obstacle_detection.py to turtlebot3_obstacle_detection.cpython-38.pyc
[11.178s] byte-compiling /home/ubuntu/turtlebot3_ws/install/turtlebot3_example/lib/python3.8/site-packages/turtlebot3_example/turtlebot3_obstacle_detection/main.py to main.cpython-38.pyc
[11.181s] byte-compiling /home/ubuntu/turtlebot3_ws/install/turtlebot3_example/lib/python3.8/site-packages/turtlebot3_example/turtlebot3_patrol_client/__init__.py to __init__.cpython-38.pyc
[11.183s] byte-compiling /home/ubuntu/turtlebot3_ws/install/turtlebot3_example/lib/python3.8/site-packages/turtlebot3_example/turtlebot3_patrol_client/main.py to main.cpython-38.pyc
[11.186s] byte-compiling /home/ubuntu/turtlebot3_ws/install/turtlebot3_example/lib/python3.8/site-packages/turtlebot3_example/turtlebot3_patrol_client/turtlebot3_patrol_client.py to turtlebot3_patrol_client.cpython-38.pyc
[11.190s] running install_data
[11.215s] running install_egg_info
[11.281s] Copying ../../../build/turtlebot3_example/turtlebot3_example.egg-info to /home/ubuntu/turtlebot3_ws/install/turtlebot3_example/lib/python3.8/site-packages/turtlebot3_example-2.1.2-py3.8.egg-info
[11.364s] running install_scripts
[11.599s] Installing turtlebot3_obstacle_detection script to /home/ubuntu/turtlebot3_ws/install/turtlebot3_example/lib/turtlebot3_example
[11.601s] Installing turtlebot3_patrol_client script to /home/ubuntu/turtlebot3_ws/install/turtlebot3_example/lib/turtlebot3_example
[11.603s] Installing turtlebot3_patrol_server script to /home/ubuntu/turtlebot3_ws/install/turtlebot3_example/lib/turtlebot3_example
[11.604s] Installing turtlebot3_position_control script to /home/ubuntu/turtlebot3_ws/install/turtlebot3_example/lib/turtlebot3_example
[11.610s] writing list of installed files to '/home/ubuntu/turtlebot3_ws/build/turtlebot3_example/install.log'
[11.791s] Invoked command in '/home/ubuntu/turtlebot3_ws/src/turtlebot3/turtlebot3_example' returned '0': PYTHONPATH=/home/ubuntu/turtlebot3_ws/install/turtlebot3_example/lib/python3.8/site-packages:${PYTHONPATH} /usr/bin/python3 setup.py egg_info --egg-base ../../../build/turtlebot3_example build --build-base /home/ubuntu/turtlebot3_ws/build/turtlebot3_example/build install --prefix /home/ubuntu/turtlebot3_ws/install/turtlebot3_example --record /home/ubuntu/turtlebot3_ws/build/turtlebot3_example/install.log --single-version-externally-managed
