[0.057s] Invoking command in '/home/ubuntu/turtlebot3_ws/build/turtlebot3_node': CMAKE_PREFIX_PATH=/opt/ros/foxy /usr/bin/cmake /home/ubuntu/turtlebot3_ws/src/turtlebot3/turtlebot3_node -DAMENT_CMAKE_SYMLINK_INSTALL=1 -DCMAKE_INSTALL_PREFIX=/home/ubuntu/turtlebot3_ws/install/turtlebot3_node
[0.867s] -- The C compiler identification is GNU 9.3.0
[1.672s] -- The CXX compiler identification is GNU 9.3.0
[1.738s] -- Check for working C compiler: /usr/bin/cc
[2.439s] -- Check for working C compiler: /usr/bin/cc -- works
[2.447s] -- Detecting C compiler ABI info
[2.988s] -- Detecting C compiler ABI info - done
[3.066s] -- Detecting C compile features
[3.068s] -- Detecting C compile features - done
[3.086s] -- Check for working CXX compiler: /usr/bin/c++
[4.040s] -- Check for working CXX compiler: /usr/bin/c++ -- works
[4.056s] -- Detecting CXX compiler ABI info
[5.073s] -- Detecting CXX compiler ABI info - done
[5.262s] -- Detecting CXX compile features
[5.270s] -- Detecting CXX compile features - done
[5.326s] -- Found ament_cmake: 0.9.8 (/opt/ros/foxy/share/ament_cmake/cmake)
[5.721s] -- Found PythonInterp: /usr/bin/python3 (found suitable version "3.8.10", minimum required is "3") 
[5.723s] -- Using PYTHON_EXECUTABLE: /usr/bin/python3
[8.059s] -- Override CMake install command with custom implementation using symlinks instead of copying resources
[8.309s] -- Found dynamixel_sdk: 3.7.40 (/opt/ros/foxy/share/dynamixel_sdk/cmake)
[8.347s] -- Found geometry_msgs: 2.0.4 (/opt/ros/foxy/share/geometry_msgs/cmake)
[8.686s] -- Using all available rosidl_typesupport_c: rosidl_typesupport_fastrtps_c;rosidl_typesupport_introspection_c
[8.775s] -- Found rosidl_adapter: 1.2.1 (/opt/ros/foxy/share/rosidl_adapter/cmake)
[9.347s] -- Found OpenSSL: /usr/lib/aarch64-linux-gnu/libcrypto.so (found version "1.1.1f")  
[9.597s] -- Found FastRTPS: /opt/ros/foxy/include  
[10.906s] -- Using all available rosidl_typesupport_cpp: rosidl_typesupport_fastrtps_cpp;rosidl_typesupport_introspection_cpp
[11.701s] -- Found message_filters: 3.2.5 (/opt/ros/foxy/share/message_filters/cmake)
[11.743s] -- Found nav_msgs: 2.0.4 (/opt/ros/foxy/share/nav_msgs/cmake)
[12.868s] -- Found rclcpp: 2.3.1 (/opt/ros/foxy/share/rclcpp/cmake)
[13.660s] -- Found rmw_implementation_cmake: 1.0.3 (/opt/ros/foxy/share/rmw_implementation_cmake/cmake)
[13.675s] -- Using RMW implementation 'rmw_fastrtps_cpp' as default
[13.691s] -- Looking for pthread.h
[14.288s] -- Looking for pthread.h - found
[14.290s] -- Performing Test CMAKE_HAVE_LIBC_PTHREAD
[14.828s] -- Performing Test CMAKE_HAVE_LIBC_PTHREAD - Failed
[14.831s] -- Looking for pthread_create in pthreads
[15.641s] -- Looking for pthread_create in pthreads - not found
[15.643s] -- Looking for pthread_create in pthread
[16.362s] -- Looking for pthread_create in pthread - found
[16.371s] -- Found Threads: TRUE  
[17.791s] -- Found sensor_msgs: 2.0.4 (/opt/ros/foxy/share/sensor_msgs/cmake)
[19.117s] -- Found std_srvs: 2.0.4 (/opt/ros/foxy/share/std_srvs/cmake)
[19.347s] -- Found tf2: 0.13.10 (/opt/ros/foxy/share/tf2/cmake)
[19.540s] -- Found tf2_ros: 0.13.10 (/opt/ros/foxy/share/tf2_ros/cmake)
[24.592s] -- Found turtlebot3_msgs: 2.2.1 (/opt/ros/foxy/share/turtlebot3_msgs/cmake)
[26.822s] -- Configuring done
[27.001s] -- Generating done
[27.016s] -- Build files have been written to: /home/ubuntu/turtlebot3_ws/build/turtlebot3_node
[27.080s] Invoked command in '/home/ubuntu/turtlebot3_ws/build/turtlebot3_node' returned '0': CMAKE_PREFIX_PATH=/opt/ros/foxy /usr/bin/cmake /home/ubuntu/turtlebot3_ws/src/turtlebot3/turtlebot3_node -DAMENT_CMAKE_SYMLINK_INSTALL=1 -DCMAKE_INSTALL_PREFIX=/home/ubuntu/turtlebot3_ws/install/turtlebot3_node
[27.095s] Invoking command in '/home/ubuntu/turtlebot3_ws/build/turtlebot3_node': CMAKE_PREFIX_PATH=/opt/ros/foxy /usr/bin/cmake --build /home/ubuntu/turtlebot3_ws/build/turtlebot3_node -- -j4 -l4
[27.387s] [35m[1mScanning dependencies of target turtlebot3_node_lib[0m
[28.604s] [  7%] [32mBuilding CXX object CMakeFiles/turtlebot3_node_lib.dir/src/devices/motor_power.cpp.o[0m
[28.614s] [ 14%] [32mBuilding CXX object CMakeFiles/turtlebot3_node_lib.dir/src/devices/sound.cpp.o[0m
[28.621s] [ 21%] [32mBuilding CXX object CMakeFiles/turtlebot3_node_lib.dir/src/devices/reset.cpp.o[0m
[28.713s] [ 28%] [32mBuilding CXX object CMakeFiles/turtlebot3_node_lib.dir/src/diff_drive_controller.cpp.o[0m
[283.177s] [ 35%] [32mBuilding CXX object CMakeFiles/turtlebot3_node_lib.dir/src/turtlebot3.cpp.o[0m
[301.048s] [ 42%] [32mBuilding CXX object CMakeFiles/turtlebot3_node_lib.dir/src/sensors/battery_state.cpp.o[0m
[302.190s] [ 50%] [32mBuilding CXX object CMakeFiles/turtlebot3_node_lib.dir/src/odometry.cpp.o[0m
[302.337s] [ 57%] [32mBuilding CXX object CMakeFiles/turtlebot3_node_lib.dir/src/dynamixel_sdk_wrapper.cpp.o[0m
[309.959s] [ 64%] [32mBuilding CXX object CMakeFiles/turtlebot3_node_lib.dir/src/sensors/imu.cpp.o[0m
[746.709s] [ 78%] [32mBuilding CXX object CMakeFiles/turtlebot3_node_lib.dir/src/sensors/sensor_state.cpp.o[0m
[746.805s] [ 78%] [32mBuilding CXX object CMakeFiles/turtlebot3_node_lib.dir/src/sensors/joint_state.cpp.o[0m
[847.608s] [ 85%] [32m[1mLinking CXX static library libturtlebot3_node_lib.a[0m
[857.140s] [ 85%] Built target turtlebot3_node_lib
[857.298s] [35m[1mScanning dependencies of target turtlebot3_ros[0m
[858.633s] [ 92%] [32mBuilding CXX object CMakeFiles/turtlebot3_ros.dir/src/node_main.cpp.o[0m
[889.409s] [100%] [32m[1mLinking CXX executable turtlebot3_ros[0m
[905.945s] [100%] Built target turtlebot3_ros
[906.618s] Invoked command in '/home/ubuntu/turtlebot3_ws/build/turtlebot3_node' returned '0': CMAKE_PREFIX_PATH=/opt/ros/foxy /usr/bin/cmake --build /home/ubuntu/turtlebot3_ws/build/turtlebot3_node -- -j4 -l4
[907.528s] Invoking command in '/home/ubuntu/turtlebot3_ws/build/turtlebot3_node': CMAKE_PREFIX_PATH=/opt/ros/foxy /usr/bin/cmake --install /home/ubuntu/turtlebot3_ws/build/turtlebot3_node
[907.646s] -- Install configuration: ""
[907.656s] -- Execute custom install script
[907.673s] -- Symlinking: /home/ubuntu/turtlebot3_ws/install/turtlebot3_node/share/turtlebot3_node/param/burger.yaml
[907.782s] -- Symlinking: /home/ubuntu/turtlebot3_ws/install/turtlebot3_node/share/turtlebot3_node/param/waffle.yaml
[907.892s] -- Symlinking: /home/ubuntu/turtlebot3_ws/install/turtlebot3_node/share/turtlebot3_node/param/waffle_pi.yaml
[908.013s] -- Symlinking: /home/ubuntu/turtlebot3_ws/install/turtlebot3_node/lib/turtlebot3_node/turtlebot3_ros
[908.132s] -- Symlinking: /home/ubuntu/turtlebot3_ws/install/turtlebot3_node/share/ament_index/resource_index/package_run_dependencies/turtlebot3_node
[908.249s] -- Symlinking: /home/ubuntu/turtlebot3_ws/install/turtlebot3_node/share/ament_index/resource_index/parent_prefix_path/turtlebot3_node
[908.376s] -- Symlinking: /home/ubuntu/turtlebot3_ws/install/turtlebot3_node/share/turtlebot3_node/environment/ament_prefix_path.sh
[908.492s] -- Symlinking: /home/ubuntu/turtlebot3_ws/install/turtlebot3_node/share/turtlebot3_node/environment/ament_prefix_path.dsv
[908.591s] -- Symlinking: /home/ubuntu/turtlebot3_ws/install/turtlebot3_node/share/turtlebot3_node/environment/path.sh
[908.645s] -- Symlinking: /home/ubuntu/turtlebot3_ws/install/turtlebot3_node/share/turtlebot3_node/environment/path.dsv
[908.702s] -- Symlinking: /home/ubuntu/turtlebot3_ws/install/turtlebot3_node/share/turtlebot3_node/local_setup.bash
[908.756s] -- Symlinking: /home/ubuntu/turtlebot3_ws/install/turtlebot3_node/share/turtlebot3_node/local_setup.sh
[908.841s] -- Symlinking: /home/ubuntu/turtlebot3_ws/install/turtlebot3_node/share/turtlebot3_node/local_setup.zsh
[908.953s] -- Symlinking: /home/ubuntu/turtlebot3_ws/install/turtlebot3_node/share/turtlebot3_node/local_setup.dsv
[909.064s] -- Symlinking: /home/ubuntu/turtlebot3_ws/install/turtlebot3_node/share/turtlebot3_node/package.dsv
[909.181s] -- Symlinking: /home/ubuntu/turtlebot3_ws/install/turtlebot3_node/share/ament_index/resource_index/packages/turtlebot3_node
[909.298s] -- Symlinking: /home/ubuntu/turtlebot3_ws/install/turtlebot3_node/share/turtlebot3_node/cmake/ament_cmake_export_include_directories-extras.cmake
[909.413s] -- Symlinking: /home/ubuntu/turtlebot3_ws/install/turtlebot3_node/share/turtlebot3_node/cmake/turtlebot3_nodeConfig.cmake
[909.522s] -- Symlinking: /home/ubuntu/turtlebot3_ws/install/turtlebot3_node/share/turtlebot3_node/cmake/turtlebot3_nodeConfig-version.cmake
[909.633s] -- Symlinking: /home/ubuntu/turtlebot3_ws/install/turtlebot3_node/share/turtlebot3_node/package.xml
[909.780s] Invoked command in '/home/ubuntu/turtlebot3_ws/build/turtlebot3_node' returned '0': CMAKE_PREFIX_PATH=/opt/ros/foxy /usr/bin/cmake --install /home/ubuntu/turtlebot3_ws/build/turtlebot3_node
